# JRE version: OpenJDK Runtime Environment Microsoft-12574459 (21.0.9+10) (build 21.0.9+10-LTS)
# Java VM: OpenJDK 64-Bit Server VM Microsoft-12574459 (21.0.9+10-LTS, mixed mode, sharing, tiered, compressed oops, compressed class ptrs, g1 gc, windows-amd64)
GC Precious Log:
 CardTable entry size: 512
 Card Set container configuration: InlinePtr #cards 5 size 8 Array Of Cards #cards 12 size 40 Howl #buckets 4 coarsen threshold 1843 Howl Bitmap #cards 512 size 80 coarsen threshold 460 Card regions per heap region 1 cards per card region 2048
 CPUs: 4 total, 4 available
 Memory: 7926M
 Large Page Support: Disabled
 NUMA Support: Disabled
 Compressed Oops: Enabled (32-bit)
 Heap Region Size: 1M
 Heap Min Capacity: 8M
 Heap Initial Capacity: 124M
 Heap Max Capacity: 2G
 Pre-touch: Disabled
 Parallel Workers: 4
 Concurrent Workers: 1
 Concurrent Refinement Workers: 4
 Periodic GC: Disabled
Heap:
 garbage-first heap   total 343040K, used 232448K [0x0000000080000000, 0x0000000100000000)
  region size 1024K, 11 young (11264K), 11 survivors (11264K)
 Metaspace       used 118139K, committed 120448K, reserved 1179648K
  class space    used 16502K, committed 17664K, reserved 1048576K
GC Heap History (20 events):
Event: 123.805 GC heap after
{Heap after GC invocations=50 (full 0):
 garbage-first heap   total 199680K, used 125446K [0x0000000080000000, 0x0000000100000000)
  region size 1024K, 7 young (7168K), 7 survivors (7168K)
 Metaspace       used 108120K, committed 110400K, reserved 1179648K
  class space    used 15040K, committed 16192K, reserved 1048576K
}
Event: 124.179 GC heap before
{Heap before GC invocations=50 (full 0):
 garbage-first heap   total 199680K, used 180742K [0x0000000080000000, 0x0000000100000000)
  region size 1024K, 62 young (63488K), 7 survivors (7168K)
 Metaspace       used 109298K, committed 111616K, reserved 1179648K
  class space    used 15207K, committed 16384K, reserved 1048576K
}
Event: 124.192 GC heap after
{Heap after GC invocations=51 (full 0):
 garbage-first heap   total 201728K, used 134358K [0x0000000080000000, 0x0000000100000000)
  region size 1024K, 8 young (8192K), 8 survivors (8192K)
 Metaspace       used 109298K, committed 111616K, reserved 1179648K
  class space    used 15207K, committed 16384K, reserved 1048576K
}
Event: 125.942 GC heap before
{Heap before GC invocations=51 (full 0):
 garbage-first heap   total 201728K, used 181462K [0x0000000080000000, 0x0000000100000000)
  region size 1024K, 55 young (56320K), 8 survivors (8192K)
 Metaspace       used 112496K, committed 114816K, reserved 1179648K
  class space    used 15639K, committed 16768K, reserved 1048576K
}
Event: 125.955 GC heap after
{Heap after GC invocations=52 (full 0):
 garbage-first heap   total 201728K, used 140288K [0x0000000080000000, 0x0000000100000000)
  region size 1024K, 5 young (5120K), 5 survivors (5120K)
 Metaspace       used 112496K, committed 114816K, reserved 1179648K
  class space    used 15639K, committed 16768K, reserved 1048576K
}
Event: 126.341 GC heap before
{Heap before GC invocations=53 (full 0):
 garbage-first heap   total 234496K, used 185344K [0x0000000080000000, 0x0000000100000000)
  region size 1024K, 49 young (50176K), 5 survivors (5120K)
 Metaspace       used 112594K, committed 114880K, reserved 1179648K
  class space    used 15646K, committed 16768K, reserved 1048576K
}
Event: 126.395 GC heap after
{Heap after GC invocations=54 (full 0):
 garbage-first heap   total 234496K, used 149252K [0x0000000080000000, 0x0000000100000000)
  region size 1024K, 7 young (7168K), 7 survivors (7168K)
 Metaspace       used 112594K, committed 114880K, reserved 1179648K
  class space    used 15646K, committed 16768K, reserved 1048576K
}
Event: 128.115 GC heap before
{Heap before GC invocations=54 (full 0):
 garbage-first heap   total 234496K, used 207620K [0x0000000080000000, 0x0000000100000000)
  region size 1024K, 65 young (66560K), 7 survivors (7168K)
 Metaspace       used 115175K, committed 117504K, reserved 1179648K
  class space    used 16060K, committed 17216K, reserved 1048576K
}
Event: 128.141 GC heap after
{Heap after GC invocations=55 (full 0):
 garbage-first heap   total 234496K, used 156101K [0x0000000080000000, 0x0000000100000000)
  region size 1024K, 9 young (9216K), 9 survivors (9216K)
 Metaspace       used 115175K, committed 117504K, reserved 1179648K
  class space    used 16060K, committed 17216K, reserved 1048576K
}
Event: 128.321 GC heap before
{Heap before GC invocations=55 (full 0):
 garbage-first heap   total 234496K, used 209349K [0x0000000080000000, 0x0000000100000000)
  region size 1024K, 62 young (63488K), 9 survivors (9216K)
 Metaspace       used 115317K, committed 117632K, reserved 1179648K
  class space    used 16081K, committed 17216K, reserved 1048576K
}
Event: 128.347 GC heap after
{Heap after GC invocations=56 (full 0):
 garbage-first heap   total 234496K, used 166912K [0x0000000080000000, 0x0000000100000000)
  region size 1024K, 8 young (8192K), 8 survivors (8192K)
 Metaspace       used 115317K, committed 117632K, reserved 1179648K
  class space    used 16081K, committed 17216K, reserved 1048576K
}
Event: 134.759 GC heap before
{Heap before GC invocations=57 (full 0):
 garbage-first heap   total 278528K, used 211968K [0x0000000080000000, 0x0000000100000000)
  region size 1024K, 53 young (54272K), 8 survivors (8192K)
 Metaspace       used 115579K, committed 117888K, reserved 1179648K
  class space    used 16098K, committed 17216K, reserved 1048576K
}
Event: 134.796 GC heap after
{Heap after GC invocations=58 (full 0):
 garbage-first heap   total 278528K, used 177152K [0x0000000080000000, 0x0000000100000000)
  region size 1024K, 7 young (7168K), 7 survivors (7168K)
 Metaspace       used 115579K, committed 117888K, reserved 1179648K
  class space    used 16098K, committed 17216K, reserved 1048576K
}
Event: 136.752 GC heap before
{Heap before GC invocations=58 (full 0):
 garbage-first heap   total 278528K, used 245760K [0x0000000080000000, 0x0000000100000000)
  region size 1024K, 74 young (75776K), 7 survivors (7168K)
 Metaspace       used 115732K, committed 118080K, reserved 1179648K
  class space    used 16117K, committed 17280K, reserved 1048576K
}
Event: 136.833 GC heap after
{Heap after GC invocations=59 (full 0):
 garbage-first heap   total 278528K, used 190464K [0x0000000080000000, 0x0000000100000000)
  region size 1024K, 10 young (10240K), 10 survivors (10240K)
 Metaspace       used 115732K, committed 118080K, reserved 1179648K
  class space    used 16117K, committed 17280K, reserved 1048576K
}
Event: 141.534 GC heap before
{Heap before GC invocations=59 (full 0):
 garbage-first heap   total 278528K, used 247808K [0x0000000080000000, 0x0000000100000000)
  region size 1024K, 67 young (68608K), 10 survivors (10240K)
 Metaspace       used 116087K, committed 118400K, reserved 1179648K
  class space    used 16173K, committed 17344K, reserved 1048576K
}
Event: 141.729 GC heap after
{Heap after GC invocations=60 (full 0):
 garbage-first heap   total 278528K, used 205824K [0x0000000080000000, 0x0000000100000000)
  region size 1024K, 9 young (9216K), 9 survivors (9216K)
 Metaspace       used 116087K, committed 118400K, reserved 1179648K
  class space    used 16173K, committed 17344K, reserved 1048576K
}
Event: 144.609 GC heap before
{Heap before GC invocations=61 (full 0):
 garbage-first heap   total 343040K, used 250880K [0x0000000080000000, 0x0000000100000000)
  region size 1024K, 54 young (55296K), 9 survivors (9216K)
 Metaspace       used 116603K, committed 118912K, reserved 1179648K
  class space    used 16244K, committed 17408K, reserved 1048576K
}
Event: 144.639 GC heap after
{Heap after GC invocations=62 (full 0):
 garbage-first heap   total 343040K, used 217088K [0x0000000080000000, 0x0000000100000000)
  region size 1024K, 7 young (7168K), 7 survivors (7168K)
 Metaspace       used 116603K, committed 118912K, reserved 1179648K
  class space    used 16244K, committed 17408K, reserved 1048576K
}
Event: 145.867 GC heap before
{Heap before GC invocations=62 (full 0):
 garbage-first heap   total 343040K, used 296960K [0x0000000080000000, 0x0000000100000000)
  region size 1024K, 86 young (88064K), 7 survivors (7168K)
 Metaspace       used 118139K, committed 120448K, reserved 1179648K
  class space    used 16502K, committed 17664K, reserved 1048576K
}

